TN:
SF:src/router.ts
FN:34,(anonymous_0)
FN:51,(anonymous_1)
FNF:2
FNH:2
FNDA:4,(anonymous_0)
FNDA:5,(anonymous_1)
DA:1,2
DA:2,2
DA:10,2
DA:11,2
DA:13,2
DA:15,2
DA:16,2
DA:22,2
DA:34,4
DA:39,2
DA:51,5
DA:59,2
DA:65,2
DA:72,2
LF:14
LH:14
BRF:0
BRH:0
end_of_record
TN:
SF:src/server.ts
FN:7,connectDB
FN:25,(anonymous_2)
FNF:2
FNH:2
FNDA:2,connectDB
FNDA:1,(anonymous_2)
DA:1,2
DA:2,2
DA:3,2
DA:4,2
DA:7,2
DA:8,2
DA:9,2
DA:10,1
DA:14,0
DA:18,2
DA:20,2
DA:23,2
DA:24,2
DA:25,2
DA:26,1
DA:29,2
LF:16
LH:15
BRF:0
BRH:0
end_of_record
TN:
SF:src/config/db.ts
FNF:0
FNH:0
DA:1,2
DA:2,2
DA:3,2
DA:5,2
DA:10,2
LF:5
LH:5
BRF:0
BRH:0
end_of_record
TN:
SF:src/handlers/product.ts
FN:5,(anonymous_1)
FN:12,(anonymous_2)
FN:20,(anonymous_3)
FN:24,(anonymous_4)
FN:34,(anonymous_5)
FN:44,(anonymous_6)
FNF:6
FNH:6
FNDA:2,(anonymous_1)
FNDA:2,(anonymous_2)
FNDA:1,(anonymous_3)
FNDA:2,(anonymous_4)
FNDA:2,(anonymous_5)
FNDA:2,(anonymous_6)
DA:3,2
DA:5,2
DA:6,2
DA:10,2
DA:12,2
DA:13,2
DA:14,2
DA:15,2
DA:16,1
DA:18,1
DA:20,2
DA:21,1
DA:22,1
DA:24,2
DA:25,2
DA:26,2
DA:27,2
DA:28,1
DA:30,1
DA:31,1
DA:32,1
DA:34,2
DA:35,2
DA:36,2
DA:37,2
DA:38,1
DA:40,1
DA:41,1
DA:42,1
DA:44,2
DA:45,2
DA:46,2
DA:47,2
DA:48,1
DA:50,1
DA:52,1
LF:36
LH:36
BRDA:15,0,0,1
BRDA:27,1,0,1
BRDA:37,2,0,1
BRDA:47,3,0,1
BRF:4
BRH:4
end_of_record
TN:
SF:src/middleware/index.ts
FN:4,(anonymous_0)
FNF:1
FNH:1
FNDA:18,(anonymous_0)
DA:2,2
DA:4,2
DA:9,18
DA:10,18
DA:11,9
DA:13,9
LF:6
LH:6
BRDA:10,0,0,9
BRF:1
BRH:1
end_of_record
TN:
SF:src/models/Product.model.ts
FNF:0
FNH:0
DA:1,2
DA:6,2
DA:8,2
DA:11,2
DA:15,2
DA:18,2
LF:6
LH:6
BRF:0
BRH:0
end_of_record
